[ 2018-01-15T00:02:25+08:00 ] 127.0.0.1 127.0.0.1 GET /sample/test/hello?a=3
[ log ] api.local.cphayim.me/sample/test/hello?a=3 [运行时间：0.047402s][吞吐率：21.10req/s] [内存消耗：1,100.14kb] [文件加载：25]
[ info ] [ LANG ] /Users/cphayim/Documents/Development/localhost/zerg/thinkphp/lang/zh-cn.php
[ info ] [ ROUTE ] array (
  'type' => 'module',
  'module' => 
  array (
    0 => 'sample',
    1 => 'test',
    2 => 'hello',
  ),
)
[ info ] [ HEADER ] array (
  'cookie' => 'pgv_pvi=755565568; pgv_si=s8440599552',
  'accept-language' => 'zh-CN,zh;q=0.9',
  'accept-encoding' => 'gzip, deflate',
  'accept' => 'text/html,application/xhtml+xml,application/xml;q=0.9,image/webp,image/apng,*/*;q=0.8',
  'user-agent' => 'Mozilla/5.0 (Macintosh; Intel Mac OS X 10_13_2) AppleWebKit/537.36 (KHTML, like Gecko) Chrome/63.0.3239.132 Safari/537.36',
  'upgrade-insecure-requests' => '1',
  'cache-control' => 'no-cache',
  'pragma' => 'no-cache',
  'connection' => 'keep-alive',
  'host' => 'api.local.cphayim.me',
  'content-length' => '',
  'content-type' => '',
)
[ info ] [ PARAM ] array (
  'a' => '3',
)
[ info ] [ RUN ] app\sample\controller\Test->hello[ /Users/cphayim/Documents/Development/localhost/zerg/application/sample/controller/Test.php ]
[ info ] [ LOG ] INIT File

---------------------------------------------------------------
[ 2018-01-15T00:03:18+08:00 ] 127.0.0.1 127.0.0.1 GET /sample/test/hello?a=3
[ log ] api.local.cphayim.me/sample/test/hello?a=3 [运行时间：0.051579s][吞吐率：19.39req/s] [内存消耗：1,100.14kb] [文件加载：25]
[ info ] [ LANG ] /Users/cphayim/Documents/Development/localhost/zerg/thinkphp/lang/zh-cn.php
[ info ] [ ROUTE ] array (
  'type' => 'module',
  'module' => 
  array (
    0 => 'sample',
    1 => 'test',
    2 => 'hello',
  ),
)
[ info ] [ HEADER ] array (
  'cookie' => 'pgv_pvi=755565568; pgv_si=s8440599552',
  'accept-language' => 'zh-CN,zh;q=0.9',
  'accept-encoding' => 'gzip, deflate',
  'accept' => 'text/html,application/xhtml+xml,application/xml;q=0.9,image/webp,image/apng,*/*;q=0.8',
  'user-agent' => 'Mozilla/5.0 (Macintosh; Intel Mac OS X 10_13_2) AppleWebKit/537.36 (KHTML, like Gecko) Chrome/63.0.3239.132 Safari/537.36',
  'upgrade-insecure-requests' => '1',
  'cache-control' => 'no-cache',
  'pragma' => 'no-cache',
  'connection' => 'keep-alive',
  'host' => 'api.local.cphayim.me',
  'content-length' => '',
  'content-type' => '',
)
[ info ] [ PARAM ] array (
  'a' => '3',
)
[ info ] [ RUN ] app\sample\controller\Test->hello[ /Users/cphayim/Documents/Development/localhost/zerg/application/sample/controller/Test.php ]
[ info ] [ LOG ] INIT File

---------------------------------------------------------------
[ 2018-01-15T00:03:19+08:00 ] 127.0.0.1 127.0.0.1 GET /sample/test/hello?a=3
[ log ] api.local.cphayim.me/sample/test/hello?a=3 [运行时间：0.043256s][吞吐率：23.12req/s] [内存消耗：1,100.14kb] [文件加载：25]
[ info ] [ LANG ] /Users/cphayim/Documents/Development/localhost/zerg/thinkphp/lang/zh-cn.php
[ info ] [ ROUTE ] array (
  'type' => 'module',
  'module' => 
  array (
    0 => 'sample',
    1 => 'test',
    2 => 'hello',
  ),
)
[ info ] [ HEADER ] array (
  'cookie' => 'pgv_pvi=755565568; pgv_si=s8440599552',
  'accept-language' => 'zh-CN,zh;q=0.9',
  'accept-encoding' => 'gzip, deflate',
  'accept' => 'text/html,application/xhtml+xml,application/xml;q=0.9,image/webp,image/apng,*/*;q=0.8',
  'user-agent' => 'Mozilla/5.0 (Macintosh; Intel Mac OS X 10_13_2) AppleWebKit/537.36 (KHTML, like Gecko) Chrome/63.0.3239.132 Safari/537.36',
  'upgrade-insecure-requests' => '1',
  'cache-control' => 'no-cache',
  'pragma' => 'no-cache',
  'connection' => 'keep-alive',
  'host' => 'api.local.cphayim.me',
  'content-length' => '',
  'content-type' => '',
)
[ info ] [ PARAM ] array (
  'a' => '3',
)
[ info ] [ RUN ] app\sample\controller\Test->hello[ /Users/cphayim/Documents/Development/localhost/zerg/application/sample/controller/Test.php ]
[ info ] [ LOG ] INIT File

---------------------------------------------------------------
[ 2018-01-15T00:05:37+08:00 ] 127.0.0.1 127.0.0.1 GET /sample/test/hello?a=3
[ log ] api.local.cphayim.me/sample/test/hello?a=3 [运行时间：0.049442s][吞吐率：20.23req/s] [内存消耗：1,100.14kb] [文件加载：25]
[ info ] [ LANG ] /Users/cphayim/Documents/Development/localhost/zerg/thinkphp/lang/zh-cn.php
[ info ] [ ROUTE ] array (
  'type' => 'module',
  'module' => 
  array (
    0 => 'sample',
    1 => 'test',
    2 => 'hello',
  ),
)
[ info ] [ HEADER ] array (
  'cookie' => 'pgv_pvi=755565568; pgv_si=s8440599552',
  'accept-language' => 'zh-CN,zh;q=0.9',
  'accept-encoding' => 'gzip, deflate',
  'accept' => 'text/html,application/xhtml+xml,application/xml;q=0.9,image/webp,image/apng,*/*;q=0.8',
  'user-agent' => 'Mozilla/5.0 (Macintosh; Intel Mac OS X 10_13_2) AppleWebKit/537.36 (KHTML, like Gecko) Chrome/63.0.3239.132 Safari/537.36',
  'upgrade-insecure-requests' => '1',
  'cache-control' => 'no-cache',
  'pragma' => 'no-cache',
  'connection' => 'keep-alive',
  'host' => 'api.local.cphayim.me',
  'content-length' => '',
  'content-type' => '',
)
[ info ] [ PARAM ] array (
  'a' => '3',
)
[ info ] [ RUN ] app\sample\controller\Test->hello[ /Users/cphayim/Documents/Development/localhost/zerg/application/sample/controller/Test.php ]
[ info ] [ LOG ] INIT File

---------------------------------------------------------------
[ 2018-01-15T00:05:38+08:00 ] 127.0.0.1 127.0.0.1 GET /sample/test/hello?a=3
[ log ] api.local.cphayim.me/sample/test/hello?a=3 [运行时间：0.036870s][吞吐率：27.12req/s] [内存消耗：1,100.14kb] [文件加载：25]
[ info ] [ LANG ] /Users/cphayim/Documents/Development/localhost/zerg/thinkphp/lang/zh-cn.php
[ info ] [ ROUTE ] array (
  'type' => 'module',
  'module' => 
  array (
    0 => 'sample',
    1 => 'test',
    2 => 'hello',
  ),
)
[ info ] [ HEADER ] array (
  'cookie' => 'pgv_pvi=755565568; pgv_si=s8440599552',
  'accept-language' => 'zh-CN,zh;q=0.9',
  'accept-encoding' => 'gzip, deflate',
  'accept' => 'text/html,application/xhtml+xml,application/xml;q=0.9,image/webp,image/apng,*/*;q=0.8',
  'user-agent' => 'Mozilla/5.0 (Macintosh; Intel Mac OS X 10_13_2) AppleWebKit/537.36 (KHTML, like Gecko) Chrome/63.0.3239.132 Safari/537.36',
  'upgrade-insecure-requests' => '1',
  'cache-control' => 'no-cache',
  'pragma' => 'no-cache',
  'connection' => 'keep-alive',
  'host' => 'api.local.cphayim.me',
  'content-length' => '',
  'content-type' => '',
)
[ info ] [ PARAM ] array (
  'a' => '3',
)
[ info ] [ RUN ] app\sample\controller\Test->hello[ /Users/cphayim/Documents/Development/localhost/zerg/application/sample/controller/Test.php ]
[ info ] [ LOG ] INIT File

---------------------------------------------------------------
[ 2018-01-15T00:05:39+08:00 ] 127.0.0.1 127.0.0.1 GET /sample/test/hello?a=3
[ log ] api.local.cphayim.me/sample/test/hello?a=3 [运行时间：0.049226s][吞吐率：20.31req/s] [内存消耗：1,100.14kb] [文件加载：25]
[ info ] [ LANG ] /Users/cphayim/Documents/Development/localhost/zerg/thinkphp/lang/zh-cn.php
[ info ] [ ROUTE ] array (
  'type' => 'module',
  'module' => 
  array (
    0 => 'sample',
    1 => 'test',
    2 => 'hello',
  ),
)
[ info ] [ HEADER ] array (
  'cookie' => 'pgv_pvi=755565568; pgv_si=s8440599552',
  'accept-language' => 'zh-CN,zh;q=0.9',
  'accept-encoding' => 'gzip, deflate',
  'accept' => 'text/html,application/xhtml+xml,application/xml;q=0.9,image/webp,image/apng,*/*;q=0.8',
  'user-agent' => 'Mozilla/5.0 (Macintosh; Intel Mac OS X 10_13_2) AppleWebKit/537.36 (KHTML, like Gecko) Chrome/63.0.3239.132 Safari/537.36',
  'upgrade-insecure-requests' => '1',
  'cache-control' => 'no-cache',
  'pragma' => 'no-cache',
  'connection' => 'keep-alive',
  'host' => 'api.local.cphayim.me',
  'content-length' => '',
  'content-type' => '',
)
[ info ] [ PARAM ] array (
  'a' => '3',
)
[ info ] [ RUN ] app\sample\controller\Test->hello[ /Users/cphayim/Documents/Development/localhost/zerg/application/sample/controller/Test.php ]
[ info ] [ LOG ] INIT File

---------------------------------------------------------------
[ 2018-01-15T00:05:40+08:00 ] 127.0.0.1 127.0.0.1 GET /sample/test/hello?a=3
[ log ] api.local.cphayim.me/sample/test/hello?a=3 [运行时间：0.040744s][吞吐率：24.54req/s] [内存消耗：1,100.14kb] [文件加载：25]
[ info ] [ LANG ] /Users/cphayim/Documents/Development/localhost/zerg/thinkphp/lang/zh-cn.php
[ info ] [ ROUTE ] array (
  'type' => 'module',
  'module' => 
  array (
    0 => 'sample',
    1 => 'test',
    2 => 'hello',
  ),
)
[ info ] [ HEADER ] array (
  'cookie' => 'pgv_pvi=755565568; pgv_si=s8440599552',
  'accept-language' => 'zh-CN,zh;q=0.9',
  'accept-encoding' => 'gzip, deflate',
  'accept' => 'text/html,application/xhtml+xml,application/xml;q=0.9,image/webp,image/apng,*/*;q=0.8',
  'user-agent' => 'Mozilla/5.0 (Macintosh; Intel Mac OS X 10_13_2) AppleWebKit/537.36 (KHTML, like Gecko) Chrome/63.0.3239.132 Safari/537.36',
  'upgrade-insecure-requests' => '1',
  'cache-control' => 'no-cache',
  'pragma' => 'no-cache',
  'connection' => 'keep-alive',
  'host' => 'api.local.cphayim.me',
  'content-length' => '',
  'content-type' => '',
)
[ info ] [ PARAM ] array (
  'a' => '3',
)
[ info ] [ RUN ] app\sample\controller\Test->hello[ /Users/cphayim/Documents/Development/localhost/zerg/application/sample/controller/Test.php ]
[ info ] [ LOG ] INIT File

---------------------------------------------------------------
[ 2018-01-15T00:05:55+08:00 ] 127.0.0.1 127.0.0.1 GET /sample/test/hello?a=3
[ log ] api.local.cphayim.me/sample/test/hello?a=3 [运行时间：0.033235s][吞吐率：30.09req/s] [内存消耗：1,100.14kb] [文件加载：25]
[ info ] [ LANG ] /Users/cphayim/Documents/Development/localhost/zerg/thinkphp/lang/zh-cn.php
[ info ] [ ROUTE ] array (
  'type' => 'module',
  'module' => 
  array (
    0 => 'sample',
    1 => 'test',
    2 => 'hello',
  ),
)
[ info ] [ HEADER ] array (
  'cookie' => 'pgv_pvi=755565568; pgv_si=s8440599552',
  'accept-language' => 'zh-CN,zh;q=0.9',
  'accept-encoding' => 'gzip, deflate',
  'accept' => 'text/html,application/xhtml+xml,application/xml;q=0.9,image/webp,image/apng,*/*;q=0.8',
  'user-agent' => 'Mozilla/5.0 (Macintosh; Intel Mac OS X 10_13_2) AppleWebKit/537.36 (KHTML, like Gecko) Chrome/63.0.3239.132 Safari/537.36',
  'upgrade-insecure-requests' => '1',
  'cache-control' => 'no-cache',
  'pragma' => 'no-cache',
  'connection' => 'keep-alive',
  'host' => 'api.local.cphayim.me',
  'content-length' => '',
  'content-type' => '',
)
[ info ] [ PARAM ] array (
  'a' => '3',
)
[ info ] [ RUN ] app\sample\controller\Test->hello[ /Users/cphayim/Documents/Development/localhost/zerg/application/sample/controller/Test.php ]
[ info ] [ LOG ] INIT File

---------------------------------------------------------------
[ 2018-01-15T00:05:56+08:00 ] 127.0.0.1 127.0.0.1 GET /sample/test/hello?a=3
[ log ] api.local.cphayim.me/sample/test/hello?a=3 [运行时间：0.038785s][吞吐率：25.78req/s] [内存消耗：1,100.14kb] [文件加载：25]
[ info ] [ LANG ] /Users/cphayim/Documents/Development/localhost/zerg/thinkphp/lang/zh-cn.php
[ info ] [ ROUTE ] array (
  'type' => 'module',
  'module' => 
  array (
    0 => 'sample',
    1 => 'test',
    2 => 'hello',
  ),
)
[ info ] [ HEADER ] array (
  'cookie' => 'pgv_pvi=755565568; pgv_si=s8440599552',
  'accept-language' => 'zh-CN,zh;q=0.9',
  'accept-encoding' => 'gzip, deflate',
  'accept' => 'text/html,application/xhtml+xml,application/xml;q=0.9,image/webp,image/apng,*/*;q=0.8',
  'user-agent' => 'Mozilla/5.0 (Macintosh; Intel Mac OS X 10_13_2) AppleWebKit/537.36 (KHTML, like Gecko) Chrome/63.0.3239.132 Safari/537.36',
  'upgrade-insecure-requests' => '1',
  'cache-control' => 'no-cache',
  'pragma' => 'no-cache',
  'connection' => 'keep-alive',
  'host' => 'api.local.cphayim.me',
  'content-length' => '',
  'content-type' => '',
)
[ info ] [ PARAM ] array (
  'a' => '3',
)
[ info ] [ RUN ] app\sample\controller\Test->hello[ /Users/cphayim/Documents/Development/localhost/zerg/application/sample/controller/Test.php ]
[ info ] [ LOG ] INIT File

---------------------------------------------------------------
[ 2018-01-15T00:05:58+08:00 ] 127.0.0.1 127.0.0.1 GET /sample/test/hello?a=3
[ log ] api.local.cphayim.me/sample/test/hello?a=3 [运行时间：0.022536s][吞吐率：44.37req/s] [内存消耗：1,100.14kb] [文件加载：25]
[ info ] [ LANG ] /Users/cphayim/Documents/Development/localhost/zerg/thinkphp/lang/zh-cn.php
[ info ] [ ROUTE ] array (
  'type' => 'module',
  'module' => 
  array (
    0 => 'sample',
    1 => 'test',
    2 => 'hello',
  ),
)
[ info ] [ HEADER ] array (
  'cookie' => 'pgv_pvi=755565568; pgv_si=s8440599552',
  'accept-language' => 'zh-CN,zh;q=0.9',
  'accept-encoding' => 'gzip, deflate',
  'accept' => 'text/html,application/xhtml+xml,application/xml;q=0.9,image/webp,image/apng,*/*;q=0.8',
  'user-agent' => 'Mozilla/5.0 (Macintosh; Intel Mac OS X 10_13_2) AppleWebKit/537.36 (KHTML, like Gecko) Chrome/63.0.3239.132 Safari/537.36',
  'upgrade-insecure-requests' => '1',
  'cache-control' => 'no-cache',
  'pragma' => 'no-cache',
  'connection' => 'keep-alive',
  'host' => 'api.local.cphayim.me',
  'content-length' => '',
  'content-type' => '',
)
[ info ] [ PARAM ] array (
  'a' => '3',
)
[ info ] [ RUN ] app\sample\controller\Test->hello[ /Users/cphayim/Documents/Development/localhost/zerg/application/sample/controller/Test.php ]
[ info ] [ LOG ] INIT File

---------------------------------------------------------------
[ 2018-01-15T00:05:58+08:00 ] 127.0.0.1 127.0.0.1 GET /sample/test/hello?a=3
[ log ] api.local.cphayim.me/sample/test/hello?a=3 [运行时间：0.024827s][吞吐率：40.28req/s] [内存消耗：1,100.14kb] [文件加载：25]
[ info ] [ LANG ] /Users/cphayim/Documents/Development/localhost/zerg/thinkphp/lang/zh-cn.php
[ info ] [ ROUTE ] array (
  'type' => 'module',
  'module' => 
  array (
    0 => 'sample',
    1 => 'test',
    2 => 'hello',
  ),
)
[ info ] [ HEADER ] array (
  'cookie' => 'pgv_pvi=755565568; pgv_si=s8440599552',
  'accept-language' => 'zh-CN,zh;q=0.9',
  'accept-encoding' => 'gzip, deflate',
  'accept' => 'text/html,application/xhtml+xml,application/xml;q=0.9,image/webp,image/apng,*/*;q=0.8',
  'user-agent' => 'Mozilla/5.0 (Macintosh; Intel Mac OS X 10_13_2) AppleWebKit/537.36 (KHTML, like Gecko) Chrome/63.0.3239.132 Safari/537.36',
  'upgrade-insecure-requests' => '1',
  'cache-control' => 'no-cache',
  'pragma' => 'no-cache',
  'connection' => 'keep-alive',
  'host' => 'api.local.cphayim.me',
  'content-length' => '',
  'content-type' => '',
)
[ info ] [ PARAM ] array (
  'a' => '3',
)
[ info ] [ RUN ] app\sample\controller\Test->hello[ /Users/cphayim/Documents/Development/localhost/zerg/application/sample/controller/Test.php ]
[ info ] [ LOG ] INIT File

---------------------------------------------------------------
[ 2018-01-15T00:05:59+08:00 ] 127.0.0.1 127.0.0.1 GET /sample/test/hello?a=3
[ log ] api.local.cphayim.me/sample/test/hello?a=3 [运行时间：0.038732s][吞吐率：25.82req/s] [内存消耗：1,100.14kb] [文件加载：25]
[ info ] [ LANG ] /Users/cphayim/Documents/Development/localhost/zerg/thinkphp/lang/zh-cn.php
[ info ] [ ROUTE ] array (
  'type' => 'module',
  'module' => 
  array (
    0 => 'sample',
    1 => 'test',
    2 => 'hello',
  ),
)
[ info ] [ HEADER ] array (
  'cookie' => 'pgv_pvi=755565568; pgv_si=s8440599552',
  'accept-language' => 'zh-CN,zh;q=0.9',
  'accept-encoding' => 'gzip, deflate',
  'accept' => 'text/html,application/xhtml+xml,application/xml;q=0.9,image/webp,image/apng,*/*;q=0.8',
  'user-agent' => 'Mozilla/5.0 (Macintosh; Intel Mac OS X 10_13_2) AppleWebKit/537.36 (KHTML, like Gecko) Chrome/63.0.3239.132 Safari/537.36',
  'upgrade-insecure-requests' => '1',
  'cache-control' => 'no-cache',
  'pragma' => 'no-cache',
  'connection' => 'keep-alive',
  'host' => 'api.local.cphayim.me',
  'content-length' => '',
  'content-type' => '',
)
[ info ] [ PARAM ] array (
  'a' => '3',
)
[ info ] [ RUN ] app\sample\controller\Test->hello[ /Users/cphayim/Documents/Development/localhost/zerg/application/sample/controller/Test.php ]
[ info ] [ LOG ] INIT File

---------------------------------------------------------------
[ 2018-01-15T00:05:59+08:00 ] 127.0.0.1 127.0.0.1 GET /sample/test/hello?a=3
[ log ] api.local.cphayim.me/sample/test/hello?a=3 [运行时间：0.027730s][吞吐率：36.06req/s] [内存消耗：1,100.14kb] [文件加载：25]
[ info ] [ LANG ] /Users/cphayim/Documents/Development/localhost/zerg/thinkphp/lang/zh-cn.php
[ info ] [ ROUTE ] array (
  'type' => 'module',
  'module' => 
  array (
    0 => 'sample',
    1 => 'test',
    2 => 'hello',
  ),
)
[ info ] [ HEADER ] array (
  'cookie' => 'pgv_pvi=755565568; pgv_si=s8440599552',
  'accept-language' => 'zh-CN,zh;q=0.9',
  'accept-encoding' => 'gzip, deflate',
  'accept' => 'text/html,application/xhtml+xml,application/xml;q=0.9,image/webp,image/apng,*/*;q=0.8',
  'user-agent' => 'Mozilla/5.0 (Macintosh; Intel Mac OS X 10_13_2) AppleWebKit/537.36 (KHTML, like Gecko) Chrome/63.0.3239.132 Safari/537.36',
  'upgrade-insecure-requests' => '1',
  'cache-control' => 'no-cache',
  'pragma' => 'no-cache',
  'connection' => 'keep-alive',
  'host' => 'api.local.cphayim.me',
  'content-length' => '',
  'content-type' => '',
)
[ info ] [ PARAM ] array (
  'a' => '3',
)
[ info ] [ RUN ] app\sample\controller\Test->hello[ /Users/cphayim/Documents/Development/localhost/zerg/application/sample/controller/Test.php ]
[ info ] [ LOG ] INIT File

---------------------------------------------------------------
[ 2018-01-15T00:06:00+08:00 ] 127.0.0.1 127.0.0.1 GET /sample/test/hello?a=3
[ log ] api.local.cphayim.me/sample/test/hello?a=3 [运行时间：0.032851s][吞吐率：30.44req/s] [内存消耗：1,100.14kb] [文件加载：25]
[ info ] [ LANG ] /Users/cphayim/Documents/Development/localhost/zerg/thinkphp/lang/zh-cn.php
[ info ] [ ROUTE ] array (
  'type' => 'module',
  'module' => 
  array (
    0 => 'sample',
    1 => 'test',
    2 => 'hello',
  ),
)
[ info ] [ HEADER ] array (
  'cookie' => 'pgv_pvi=755565568; pgv_si=s8440599552',
  'accept-language' => 'zh-CN,zh;q=0.9',
  'accept-encoding' => 'gzip, deflate',
  'accept' => 'text/html,application/xhtml+xml,application/xml;q=0.9,image/webp,image/apng,*/*;q=0.8',
  'user-agent' => 'Mozilla/5.0 (Macintosh; Intel Mac OS X 10_13_2) AppleWebKit/537.36 (KHTML, like Gecko) Chrome/63.0.3239.132 Safari/537.36',
  'upgrade-insecure-requests' => '1',
  'cache-control' => 'no-cache',
  'pragma' => 'no-cache',
  'connection' => 'keep-alive',
  'host' => 'api.local.cphayim.me',
  'content-length' => '',
  'content-type' => '',
)
[ info ] [ PARAM ] array (
  'a' => '3',
)
[ info ] [ RUN ] app\sample\controller\Test->hello[ /Users/cphayim/Documents/Development/localhost/zerg/application/sample/controller/Test.php ]
[ info ] [ LOG ] INIT File

---------------------------------------------------------------
[ 2018-01-15T00:06:01+08:00 ] 127.0.0.1 127.0.0.1 GET /sample/test/hello?a=3
[ log ] api.local.cphayim.me/sample/test/hello?a=3 [运行时间：0.026954s][吞吐率：37.10req/s] [内存消耗：1,100.14kb] [文件加载：25]
[ info ] [ LANG ] /Users/cphayim/Documents/Development/localhost/zerg/thinkphp/lang/zh-cn.php
[ info ] [ ROUTE ] array (
  'type' => 'module',
  'module' => 
  array (
    0 => 'sample',
    1 => 'test',
    2 => 'hello',
  ),
)
[ info ] [ HEADER ] array (
  'cookie' => 'pgv_pvi=755565568; pgv_si=s8440599552',
  'accept-language' => 'zh-CN,zh;q=0.9',
  'accept-encoding' => 'gzip, deflate',
  'accept' => 'text/html,application/xhtml+xml,application/xml;q=0.9,image/webp,image/apng,*/*;q=0.8',
  'user-agent' => 'Mozilla/5.0 (Macintosh; Intel Mac OS X 10_13_2) AppleWebKit/537.36 (KHTML, like Gecko) Chrome/63.0.3239.132 Safari/537.36',
  'upgrade-insecure-requests' => '1',
  'cache-control' => 'no-cache',
  'pragma' => 'no-cache',
  'connection' => 'keep-alive',
  'host' => 'api.local.cphayim.me',
  'content-length' => '',
  'content-type' => '',
)
[ info ] [ PARAM ] array (
  'a' => '3',
)
[ info ] [ RUN ] app\sample\controller\Test->hello[ /Users/cphayim/Documents/Development/localhost/zerg/application/sample/controller/Test.php ]
[ info ] [ LOG ] INIT File

---------------------------------------------------------------
[ 2018-01-15T00:07:00+08:00 ] 127.0.0.1 127.0.0.1 GET /sample/test/hello?a=3
[ log ] api.local.cphayim.me/sample/test/hello?a=3 [运行时间：0.027864s][吞吐率：35.89req/s] [内存消耗：1,100.14kb] [文件加载：25]
[ info ] [ LANG ] /Users/cphayim/Documents/Development/localhost/zerg/thinkphp/lang/zh-cn.php
[ info ] [ ROUTE ] array (
  'type' => 'module',
  'module' => 
  array (
    0 => 'sample',
    1 => 'test',
    2 => 'hello',
  ),
)
[ info ] [ HEADER ] array (
  'cookie' => 'pgv_pvi=755565568; pgv_si=s8440599552',
  'accept-language' => 'zh-CN,zh;q=0.9',
  'accept-encoding' => 'gzip, deflate',
  'accept' => 'text/html,application/xhtml+xml,application/xml;q=0.9,image/webp,image/apng,*/*;q=0.8',
  'user-agent' => 'Mozilla/5.0 (Macintosh; Intel Mac OS X 10_13_2) AppleWebKit/537.36 (KHTML, like Gecko) Chrome/63.0.3239.132 Safari/537.36',
  'upgrade-insecure-requests' => '1',
  'cache-control' => 'no-cache',
  'pragma' => 'no-cache',
  'connection' => 'keep-alive',
  'host' => 'api.local.cphayim.me',
  'content-length' => '',
  'content-type' => '',
)
[ info ] [ PARAM ] array (
  'a' => '3',
)
[ info ] [ RUN ] app\sample\controller\Test->hello[ /Users/cphayim/Documents/Development/localhost/zerg/application/sample/controller/Test.php ]
[ info ] [ LOG ] INIT File

---------------------------------------------------------------
[ 2018-01-15T00:07:01+08:00 ] 127.0.0.1 127.0.0.1 GET /sample/test/hello?a=3
[ log ] api.local.cphayim.me/sample/test/hello?a=3 [运行时间：0.029379s][吞吐率：34.04req/s] [内存消耗：1,100.14kb] [文件加载：25]
[ info ] [ LANG ] /Users/cphayim/Documents/Development/localhost/zerg/thinkphp/lang/zh-cn.php
[ info ] [ ROUTE ] array (
  'type' => 'module',
  'module' => 
  array (
    0 => 'sample',
    1 => 'test',
    2 => 'hello',
  ),
)
[ info ] [ HEADER ] array (
  'cookie' => 'pgv_pvi=755565568; pgv_si=s8440599552',
  'accept-language' => 'zh-CN,zh;q=0.9',
  'accept-encoding' => 'gzip, deflate',
  'accept' => 'text/html,application/xhtml+xml,application/xml;q=0.9,image/webp,image/apng,*/*;q=0.8',
  'user-agent' => 'Mozilla/5.0 (Macintosh; Intel Mac OS X 10_13_2) AppleWebKit/537.36 (KHTML, like Gecko) Chrome/63.0.3239.132 Safari/537.36',
  'upgrade-insecure-requests' => '1',
  'cache-control' => 'no-cache',
  'pragma' => 'no-cache',
  'connection' => 'keep-alive',
  'host' => 'api.local.cphayim.me',
  'content-length' => '',
  'content-type' => '',
)
[ info ] [ PARAM ] array (
  'a' => '3',
)
[ info ] [ RUN ] app\sample\controller\Test->hello[ /Users/cphayim/Documents/Development/localhost/zerg/application/sample/controller/Test.php ]
[ info ] [ LOG ] INIT File

---------------------------------------------------------------
[ 2018-01-15T00:07:02+08:00 ] 127.0.0.1 127.0.0.1 GET /sample/test/hello?a=3
[ log ] api.local.cphayim.me/sample/test/hello?a=3 [运行时间：0.026939s][吞吐率：37.12req/s] [内存消耗：1,100.14kb] [文件加载：25]
[ info ] [ LANG ] /Users/cphayim/Documents/Development/localhost/zerg/thinkphp/lang/zh-cn.php
[ info ] [ ROUTE ] array (
  'type' => 'module',
  'module' => 
  array (
    0 => 'sample',
    1 => 'test',
    2 => 'hello',
  ),
)
[ info ] [ HEADER ] array (
  'cookie' => 'pgv_pvi=755565568; pgv_si=s8440599552',
  'accept-language' => 'zh-CN,zh;q=0.9',
  'accept-encoding' => 'gzip, deflate',
  'accept' => 'text/html,application/xhtml+xml,application/xml;q=0.9,image/webp,image/apng,*/*;q=0.8',
  'user-agent' => 'Mozilla/5.0 (Macintosh; Intel Mac OS X 10_13_2) AppleWebKit/537.36 (KHTML, like Gecko) Chrome/63.0.3239.132 Safari/537.36',
  'upgrade-insecure-requests' => '1',
  'cache-control' => 'no-cache',
  'pragma' => 'no-cache',
  'connection' => 'keep-alive',
  'host' => 'api.local.cphayim.me',
  'content-length' => '',
  'content-type' => '',
)
[ info ] [ PARAM ] array (
  'a' => '3',
)
[ info ] [ RUN ] app\sample\controller\Test->hello[ /Users/cphayim/Documents/Development/localhost/zerg/application/sample/controller/Test.php ]
[ info ] [ LOG ] INIT File

---------------------------------------------------------------
[ 2018-01-15T00:07:03+08:00 ] 127.0.0.1 127.0.0.1 GET /sample/test/hello?a=3
[ log ] api.local.cphayim.me/sample/test/hello?a=3 [运行时间：0.027276s][吞吐率：36.66req/s] [内存消耗：1,100.14kb] [文件加载：25]
[ info ] [ LANG ] /Users/cphayim/Documents/Development/localhost/zerg/thinkphp/lang/zh-cn.php
[ info ] [ ROUTE ] array (
  'type' => 'module',
  'module' => 
  array (
    0 => 'sample',
    1 => 'test',
    2 => 'hello',
  ),
)
[ info ] [ HEADER ] array (
  'cookie' => 'pgv_pvi=755565568; pgv_si=s8440599552',
  'accept-language' => 'zh-CN,zh;q=0.9',
  'accept-encoding' => 'gzip, deflate',
  'accept' => 'text/html,application/xhtml+xml,application/xml;q=0.9,image/webp,image/apng,*/*;q=0.8',
  'user-agent' => 'Mozilla/5.0 (Macintosh; Intel Mac OS X 10_13_2) AppleWebKit/537.36 (KHTML, like Gecko) Chrome/63.0.3239.132 Safari/537.36',
  'upgrade-insecure-requests' => '1',
  'cache-control' => 'no-cache',
  'pragma' => 'no-cache',
  'connection' => 'keep-alive',
  'host' => 'api.local.cphayim.me',
  'content-length' => '',
  'content-type' => '',
)
[ info ] [ PARAM ] array (
  'a' => '3',
)
[ info ] [ RUN ] app\sample\controller\Test->hello[ /Users/cphayim/Documents/Development/localhost/zerg/application/sample/controller/Test.php ]
[ info ] [ LOG ] INIT File

---------------------------------------------------------------
[ 2018-01-15T00:07:14+08:00 ] 127.0.0.1 127.0.0.1 GET /sample/test/hello?a=3
[ log ] api.local.cphayim.me/sample/test/hello?a=3 [运行时间：0.022596s][吞吐率：44.26req/s] [内存消耗：1,100.14kb] [文件加载：25]
[ info ] [ LANG ] /Users/cphayim/Documents/Development/localhost/zerg/thinkphp/lang/zh-cn.php
[ info ] [ ROUTE ] array (
  'type' => 'module',
  'module' => 
  array (
    0 => 'sample',
    1 => 'test',
    2 => 'hello',
  ),
)
[ info ] [ HEADER ] array (
  'cookie' => 'pgv_pvi=755565568; pgv_si=s8440599552',
  'accept-language' => 'zh-CN,zh;q=0.9',
  'accept-encoding' => 'gzip, deflate',
  'accept' => 'text/html,application/xhtml+xml,application/xml;q=0.9,image/webp,image/apng,*/*;q=0.8',
  'user-agent' => 'Mozilla/5.0 (Macintosh; Intel Mac OS X 10_13_2) AppleWebKit/537.36 (KHTML, like Gecko) Chrome/63.0.3239.132 Safari/537.36',
  'upgrade-insecure-requests' => '1',
  'cache-control' => 'no-cache',
  'pragma' => 'no-cache',
  'connection' => 'keep-alive',
  'host' => 'api.local.cphayim.me',
  'content-length' => '',
  'content-type' => '',
)
[ info ] [ PARAM ] array (
  'a' => '3',
)
[ info ] [ RUN ] app\sample\controller\Test->hello[ /Users/cphayim/Documents/Development/localhost/zerg/application/sample/controller/Test.php ]
[ info ] [ LOG ] INIT File

---------------------------------------------------------------
[ 2018-01-15T00:18:45+08:00 ] 127.0.0.1 127.0.0.1 GET /sample/test/hello
[ log ] api.local.cphayim.me/sample/test/hello [运行时间：0.064234s][吞吐率：15.57req/s] [内存消耗：1,099.52kb] [文件加载：25]
[ info ] [ LANG ] /Users/cphayim/Documents/Development/localhost/zerg/thinkphp/lang/zh-cn.php
[ info ] [ ROUTE ] array (
  'type' => 'module',
  'module' => 
  array (
    0 => 'sample',
    1 => 'test',
    2 => 'hello',
  ),
)
[ info ] [ HEADER ] array (
  'cookie' => 'pgv_pvi=755565568; pgv_si=s8440599552',
  'accept-language' => 'zh-CN,zh;q=0.9',
  'accept-encoding' => 'gzip, deflate',
  'accept' => 'text/html,application/xhtml+xml,application/xml;q=0.9,image/webp,image/apng,*/*;q=0.8',
  'upgrade-insecure-requests' => '1',
  'user-agent' => 'Mozilla/5.0 (Macintosh; Intel Mac OS X 10_13_2) AppleWebKit/537.36 (KHTML, like Gecko) Chrome/63.0.3239.132 Safari/537.36',
  'connection' => 'keep-alive',
  'host' => 'api.local.cphayim.me',
  'content-length' => '',
  'content-type' => '',
)
[ info ] [ PARAM ] array (
)
[ info ] [ RUN ] app\sample\controller\Test->hello[ /Users/cphayim/Documents/Development/localhost/zerg/application/sample/controller/Test.php ]
[ info ] [ LOG ] INIT File

---------------------------------------------------------------
[ 2018-01-15T00:18:56+08:00 ] 127.0.0.1 127.0.0.1 GET /sample/test/hello
[ log ] api.local.cphayim.me/sample/test/hello [运行时间：0.058571s][吞吐率：17.07req/s] [内存消耗：1,099.80kb] [文件加载：25]
[ info ] [ LANG ] /Users/cphayim/Documents/Development/localhost/zerg/thinkphp/lang/zh-cn.php
[ info ] [ ROUTE ] array (
  'type' => 'module',
  'module' => 
  array (
    0 => 'sample',
    1 => 'test',
    2 => 'hello',
  ),
)
[ info ] [ HEADER ] array (
  'cookie' => 'pgv_pvi=755565568; pgv_si=s8440599552',
  'accept-language' => 'zh-CN,zh;q=0.9',
  'accept-encoding' => 'gzip, deflate',
  'accept' => 'text/html,application/xhtml+xml,application/xml;q=0.9,image/webp,image/apng,*/*;q=0.8',
  'user-agent' => 'Mozilla/5.0 (Macintosh; Intel Mac OS X 10_13_2) AppleWebKit/537.36 (KHTML, like Gecko) Chrome/63.0.3239.132 Safari/537.36',
  'upgrade-insecure-requests' => '1',
  'cache-control' => 'no-cache',
  'pragma' => 'no-cache',
  'connection' => 'keep-alive',
  'host' => 'api.local.cphayim.me',
  'content-length' => '',
  'content-type' => '',
)
[ info ] [ PARAM ] array (
)
[ info ] [ RUN ] app\sample\controller\Test->hello[ /Users/cphayim/Documents/Development/localhost/zerg/application/sample/controller/Test.php ]
[ info ] [ LOG ] INIT File

---------------------------------------------------------------
